<?xml version="1.0" encoding="UTF-8"?>
<testsuite name="uk.gov.iebr.drools.rule.template.HarmRuleTemplatesTest" time="0.239" tests="1" errors="1" skipped="0" failures="0">
  <properties>
[...]
</properties>
  <testcase name="testSimpleTemplateWithDatabase" classname="uk.gov.iebr.drools.rule.template.HarmRuleTemplatesTest" time="0.239">
    <error message="Compilation errors were found. Check the logs." type="java.lang.IllegalStateException">java.lang.IllegalStateException: Compilation errors were found. Check the logs.
	at uk.gov.iebr.drools.rule.template.HarmRuleTemplatesTest.createKieSessionFromDRL(HarmRuleTemplatesTest.java:156)
	at uk.gov.iebr.drools.rule.template.HarmRuleTemplatesTest.testSimpleTemplateWithDatabase(HarmRuleTemplatesTest.java:81)
</error>
    <system-out><![CDATA[package ruletemplate.simple;
import uk.gov.iebr.batch.model.input.Person	;

rule "Categorize Persons_2"
no-loop true
when
    $c: Person(harmScore >= 100, harmScore <= 1000, harmCategory == Person.HarmCategory.NA)
then
    modify ($c){ setHarmCategory(Person.HarmCategory.HIGH)};
end

rule "Categorize Persons_1"
no-loop true
when
    $c: Person(harmScore >= 20, harmScore <= 99, harmCategory == Person.HarmCategory.NA)
then
    modify ($c){ setHarmCategory(Person.HarmCategory.MEDIUM)};
end

rule "Categorize Persons_0"
no-loop true
when
    $c: Person(harmScore >= 0, harmScore <= 19, harmCategory == Person.HarmCategory.NA)
then
    modify ($c){ setHarmCategory(Person.HarmCategory.LOW)};
end



22:56:18.240 [main] ERROR o.d.c.k.b.impl.AbstractKieModule - Unable to build KieBaseModel:defaultKieBase
Unable to resolve ObjectType 'Person' : [Rule name='Categorize Persons_2']

Unable to resolve ObjectType 'Person' : [Rule name='Categorize Persons_1']

Unable to resolve ObjectType 'Person' : [Rule name='Categorize Persons_0']

Rule Compilation error : [Rule name='Categorize Persons_1']
	ruletemplate/simple/Rule_Categorize_Persons_12142968196.java (2:36) : Only a type can be imported. uk.gov.iebr.batch.model.input.Person resolves to a package
	ruletemplate/simple/Rule_Categorize_Persons_12142968196.java (7:437) : $c cannot be resolved to a variable
	ruletemplate/simple/Rule_Categorize_Persons_12142968196.java (7:553) : Person.HarmCategory.MEDIUM cannot be resolved to a type

Rule Compilation error : [Rule name='Categorize Persons_2']
	ruletemplate/simple/Rule_Categorize_Persons_22144240425.java (2:36) : Only a type can be imported. uk.gov.iebr.batch.model.input.Person resolves to a package
	ruletemplate/simple/Rule_Categorize_Persons_22144240425.java (7:437) : $c cannot be resolved to a variable
	ruletemplate/simple/Rule_Categorize_Persons_22144240425.java (7:553) : Person.HarmCategory.HIGH cannot be resolved to a type

Rule Compilation error : [Rule name='Categorize Persons_0']
	ruletemplate/simple/Rule_Categorize_Persons_01182813837.java (2:36) : Only a type can be imported. uk.gov.iebr.batch.model.input.Person resolves to a package
	ruletemplate/simple/Rule_Categorize_Persons_01182813837.java (7:437) : $c cannot be resolved to a variable
	ruletemplate/simple/Rule_Categorize_Persons_01182813837.java (7:553) : Person.HarmCategory.LOW cannot be resolved to a type

Error importing : 'uk.gov.iebr.batch.model.input.Person'

Error: Unable to resolve ObjectType 'Person'
Error: Unable to resolve ObjectType 'Person'
Error: Unable to resolve ObjectType 'Person'
Error: Rule Compilation error Only a type can be imported. uk.gov.iebr.batch.model.input.Person resolves to a package
$c cannot be resolved to a variable
Person.HarmCategory.MEDIUM cannot be resolved to a type
Error: Rule Compilation error Only a type can be imported. uk.gov.iebr.batch.model.input.Person resolves to a package
$c cannot be resolved to a variable
Person.HarmCategory.HIGH cannot be resolved to a type
Error: Rule Compilation error Only a type can be imported. uk.gov.iebr.batch.model.input.Person resolves to a package
$c cannot be resolved to a variable
Person.HarmCategory.LOW cannot be resolved to a type
Error: Error importing : 'uk.gov.iebr.batch.model.input.Person'
]]></system-out>
  </testcase>
</testsuite>